<?xml version="1.0" encoding="UTF-8"?>
<!-- Generated by org.testng.reporters.JUnitReportReporter -->
<testsuite hostname="hp" failures="0" tests="1" name="testclasses.TestRegister" time="71.655" errors="1" timestamp="2024-10-02T22:30:06 IST" skipped="0">
  <testcase classname="testclasses.TestRegister" name="verifyRegister" time="71.655">
    <error type="java.lang.StackOverflowError">
      <![CDATA[java.lang.StackOverflowError
at java.base/java.util.Formatter.parse(Formatter.java:2737)
at java.base/java.util.Formatter.format(Formatter.java:2671)
at java.base/java.util.Formatter.format(Formatter.java:2625)
at java.base/java.lang.String.format(String.java:4143)
at org.openqa.selenium.SharedCapabilitiesMethods.lambda$abbreviate$4(SharedCapabilitiesMethods.java:115)
at java.base/java.util.stream.ReferencePipeline$3$1.accept(ReferencePipeline.java:197)
at java.base/java.util.stream.SortedOps$SizedRefSortingSink.end(SortedOps.java:357)
at java.base/java.util.stream.AbstractPipeline.copyInto(AbstractPipeline.java:510)
at java.base/java.util.stream.AbstractPipeline.wrapAndCopyInto(AbstractPipeline.java:499)
at java.base/java.util.stream.ReduceOps$ReduceOp.evaluateSequential(ReduceOps.java:921)
at java.base/java.util.stream.AbstractPipeline.evaluate(AbstractPipeline.java:234)
at java.base/java.util.stream.ReferencePipeline.collect(ReferencePipeline.java:682)
at org.openqa.selenium.SharedCapabilitiesMethods.abbreviate(SharedCapabilitiesMethods.java:117)
at org.openqa.selenium.SharedCapabilitiesMethods.lambda$abbreviate$4(SharedCapabilitiesMethods.java:116)
at java.base/java.util.stream.ReferencePipeline$3$1.accept(ReferencePipeline.java:197)
at java.base/java.util.stream.SortedOps$SizedRefSortingSink.end(SortedOps.java:357)
at java.base/java.util.stream.AbstractPipeline.copyInto(AbstractPipeline.java:510)
at java.base/java.util.stream.AbstractPipeline.wrapAndCopyInto(AbstractPipeline.java:499)
at java.base/java.util.stream.ReduceOps$ReduceOp.evaluateSequential(ReduceOps.java:921)
at java.base/java.util.stream.AbstractPipeline.evaluate(AbstractPipeline.java:234)
at java.base/java.util.stream.ReferencePipeline.collect(ReferencePipeline.java:682)
at org.openqa.selenium.SharedCapabilitiesMethods.abbreviate(SharedCapabilitiesMethods.java:117)
at org.openqa.selenium.SharedCapabilitiesMethods.toString(SharedCapabilitiesMethods.java:84)
at org.openqa.selenium.ImmutableCapabilities.toString(ImmutableCapabilities.java:184)
at org.openqa.selenium.remote.RemoteWebDriver.populateWebDriverException(RemoteWebDriver.java:586)
at org.openqa.selenium.remote.RemoteWebDriver.execute(RemoteWebDriver.java:549)
at org.openqa.selenium.remote.ElementLocation$ElementFinder$2.findElement(ElementLocation.java:165)
at org.openqa.selenium.remote.ElementLocation.findElement(ElementLocation.java:59)
at org.openqa.selenium.remote.RemoteWebDriver.findElement(RemoteWebDriver.java:355)
at org.openqa.selenium.remote.RemoteWebDriver.findElement(RemoteWebDriver.java:349)
at helpers.Pages.findElement(Pages.java:18)
at helpers.Pages.findElement(Pages.java:22)
at helpers.Pages.findElement(Pages.java:22)
at helpers.Pages.findElement(Pages.java:22)
at helpers.Pages.findElement(Pages.java:22)
at helpers.Pages.findElement(Pages.java:22)
at helpers.Pages.findElement(Pages.java:22)
at helpers.Pages.findElement(Pages.java:22)
at helpers.Pages.findElement(Pages.java:22)
at helpers.Pages.findElement(Pages.java:22)
at helpers.Pages.findElement(Pages.java:22)
at helpers.Pages.findElement(Pages.java:22)
at helpers.Pages.findElement(Pages.java:22)
at helpers.Pages.findElement(Pages.java:22)
at helpers.Pages.findElement(Pages.java:22)
at helpers.Pages.findElement(Pages.java:22)
at helpers.Pages.findElement(Pages.java:22)
at helpers.Pages.findElement(Pages.java:22)
at helpers.Pages.findElement(Pages.java:22)
at helpers.Pages.findElement(Pages.java:22)
at helpers.Pages.findElement(Pages.java:22)
at helpers.Pages.findElement(Pages.java:22)
at helpers.Pages.findElement(Pages.java:22)
at helpers.Pages.findElement(Pages.java:22)
at helpers.Pages.findElement(Pages.java:22)
at helpers.Pages.findElement(Pages.java:22)
at helpers.Pages.findElement(Pages.java:22)
at helpers.Pages.findElement(Pages.java:22)
at helpers.Pages.findElement(Pages.java:22)
at helpers.Pages.findElement(Pages.java:22)
at helpers.Pages.findElement(Pages.java:22)
at helpers.Pages.findElement(Pages.java:22)
at helpers.Pages.findElement(Pages.java:22)
at helpers.Pages.findElement(Pages.java:22)
at helpers.Pages.findElement(Pages.java:22)
at helpers.Pages.findElement(Pages.java:22)
at helpers.Pages.findElement(Pages.java:22)
at helpers.Pages.findElement(Pages.java:22)
at helpers.Pages.findElement(Pages.java:22)
at helpers.Pages.findElement(Pages.java:22)
at helpers.Pages.findElement(Pages.java:22)
at helpers.Pages.findElement(Pages.java:22)
at helpers.Pages.findElement(Pages.java:22)
at helpers.Pages.findElement(Pages.java:22)
at helpers.Pages.findElement(Pages.java:22)
at helpers.Pages.findElement(Pages.java:22)
at helpers.Pages.findElement(Pages.java:22)
at helpers.Pages.findElement(Pages.java:22)
at helpers.Pages.findElement(Pages.java:22)
at helpers.Pages.findElement(Pages.java:22)
at helpers.Pages.findElement(Pages.java:22)
at helpers.Pages.findElement(Pages.java:22)
at helpers.Pages.findElement(Pages.java:22)
at helpers.Pages.findElement(Pages.java:22)
at helpers.Pages.findElement(Pages.java:22)
at helpers.Pages.findElement(Pages.java:22)
at helpers.Pages.findElement(Pages.java:22)
at helpers.Pages.findElement(Pages.java:22)
at helpers.Pages.findElement(Pages.java:22)
at helpers.Pages.findElement(Pages.java:22)
at helpers.Pages.findElement(Pages.java:22)
at helpers.Pages.findElement(Pages.java:22)
at helpers.Pages.findElement(Pages.java:22)
at helpers.Pages.findElement(Pages.java:22)
at helpers.Pages.findElement(Pages.java:22)
at helpers.Pages.findElement(Pages.java:22)
at helpers.Pages.findElement(Pages.java:22)
at helpers.Pages.findElement(Pages.java:22)
at helpers.Pages.findElement(Pages.java:22)
at helpers.Pages.findElement(Pages.java:22)
at helpers.Pages.findElement(Pages.java:22)
at helpers.Pages.findElement(Pages.java:22)
at helpers.Pages.findElement(Pages.java:22)
at helpers.Pages.findElement(Pages.java:22)
at helpers.Pages.findElement(Pages.java:22)
at helpers.Pages.findElement(Pages.java:22)
at helpers.Pages.findElement(Pages.java:22)
at helpers.Pages.findElement(Pages.java:22)
at helpers.Pages.findElement(Pages.java:22)
at helpers.Pages.findElement(Pages.java:22)
at helpers.Pages.findElement(Pages.java:22)
at helpers.Pages.findElement(Pages.java:22)
at helpers.Pages.findElement(Pages.java:22)
at helpers.Pages.findElement(Pages.java:22)
at helpers.Pages.findElement(Pages.java:22)
at helpers.Pages.findElement(Pages.java:22)
at helpers.Pages.findElement(Pages.java:22)
at helpers.Pages.findElement(Pages.java:22)
at helpers.Pages.findElement(Pages.java:22)
at helpers.Pages.findElement(Pages.java:22)
at helpers.Pages.findElement(Pages.java:22)
at helpers.Pages.findElement(Pages.java:22)
at helpers.Pages.findElement(Pages.java:22)
at helpers.Pages.findElement(Pages.java:22)
at helpers.Pages.findElement(Pages.java:22)
at helpers.Pages.findElement(Pages.java:22)
at helpers.Pages.findElement(Pages.java:22)
at helpers.Pages.findElement(Pages.java:22)
at helpers.Pages.findElement(Pages.java:22)
at helpers.Pages.findElement(Pages.java:22)
at helpers.Pages.findElement(Pages.java:22)
at helpers.Pages.findElement(Pages.java:22)
at helpers.Pages.findElement(Pages.java:22)
at helpers.Pages.findElement(Pages.java:22)
at helpers.Pages.findElement(Pages.java:22)
at helpers.Pages.findElement(Pages.java:22)
at helpers.Pages.findElement(Pages.java:22)
at helpers.Pages.findElement(Pages.java:22)
at helpers.Pages.findElement(Pages.java:22)
at helpers.Pages.findElement(Pages.java:22)
at helpers.Pages.findElement(Pages.java:22)
at helpers.Pages.findElement(Pages.java:22)
at helpers.Pages.findElement(Pages.java:22)
at helpers.Pages.findElement(Pages.java:22)
at helpers.Pages.findElement(Pages.java:22)
at helpers.Pages.findElement(Pages.java:22)
at helpers.Pages.findElement(Pages.java:22)
at helpers.Pages.findElement(Pages.java:22)
at helpers.Pages.findElement(Pages.java:22)
at helpers.Pages.findElement(Pages.java:22)
at helpers.Pages.findElement(Pages.java:22)
at helpers.Pages.findElement(Pages.java:22)
at helpers.Pages.findElement(Pages.java:22)
at helpers.Pages.findElement(Pages.java:22)
at helpers.Pages.findElement(Pages.java:22)
at helpers.Pages.findElement(Pages.java:22)
at helpers.Pages.findElement(Pages.java:22)
at helpers.Pages.findElement(Pages.java:22)
at helpers.Pages.findElement(Pages.java:22)
at helpers.Pages.findElement(Pages.java:22)
at helpers.Pages.findElement(Pages.java:22)
at helpers.Pages.findElement(Pages.java:22)
at helpers.Pages.findElement(Pages.java:22)
at helpers.Pages.findElement(Pages.java:22)
at helpers.Pages.findElement(Pages.java:22)
at helpers.Pages.findElement(Pages.java:22)
at helpers.Pages.findElement(Pages.java:22)
at helpers.Pages.findElement(Pages.java:22)
at helpers.Pages.findElement(Pages.java:22)
at helpers.Pages.findElement(Pages.java:22)
at helpers.Pages.findElement(Pages.java:22)
at helpers.Pages.findElement(Pages.java:22)
at helpers.Pages.findElement(Pages.java:22)
at helpers.Pages.findElement(Pages.java:22)
at helpers.Pages.findElement(Pages.java:22)
at helpers.Pages.findElement(Pages.java:22)
at helpers.Pages.findElement(Pages.java:22)
at helpers.Pages.findElement(Pages.java:22)
at helpers.Pages.findElement(Pages.java:22)
at helpers.Pages.findElement(Pages.java:22)
at helpers.Pages.findElement(Pages.java:22)
at helpers.Pages.findElement(Pages.java:22)
at helpers.Pages.findElement(Pages.java:22)
at helpers.Pages.findElement(Pages.java:22)
at helpers.Pages.findElement(Pages.java:22)
at helpers.Pages.findElement(Pages.java:22)
at helpers.Pages.findElement(Pages.java:22)
at helpers.Pages.findElement(Pages.java:22)
at helpers.Pages.findElement(Pages.java:22)
at helpers.Pages.findElement(Pages.java:22)
at helpers.Pages.findElement(Pages.java:22)
at helpers.Pages.findElement(Pages.java:22)
at helpers.Pages.findElement(Pages.java:22)
at helpers.Pages.findElement(Pages.java:22)
at helpers.Pages.findElement(Pages.java:22)
at helpers.Pages.findElement(Pages.java:22)
at helpers.Pages.findElement(Pages.java:22)
at helpers.Pages.findElement(Pages.java:22)
at helpers.Pages.findElement(Pages.java:22)
at helpers.Pages.findElement(Pages.java:22)
at helpers.Pages.findElement(Pages.java:22)
at helpers.Pages.findElement(Pages.java:22)
at helpers.Pages.findElement(Pages.java:22)
at helpers.Pages.findElement(Pages.java:22)
at helpers.Pages.findElement(Pages.java:22)
at helpers.Pages.findElement(Pages.java:22)
at helpers.Pages.findElement(Pages.java:22)
at helpers.Pages.findElement(Pages.java:22)
at helpers.Pages.findElement(Pages.java:22)
at helpers.Pages.findElement(Pages.java:22)
at helpers.Pages.findElement(Pages.java:22)
at helpers.Pages.findElement(Pages.java:22)
at helpers.Pages.findElement(Pages.java:22)
at helpers.Pages.findElement(Pages.java:22)
at helpers.Pages.findElement(Pages.java:22)
at helpers.Pages.findElement(Pages.java:22)
at helpers.Pages.findElement(Pages.java:22)
at helpers.Pages.findElement(Pages.java:22)
at helpers.Pages.findElement(Pages.java:22)
at helpers.Pages.findElement(Pages.java:22)
at helpers.Pages.findElement(Pages.java:22)
at helpers.Pages.findElement(Pages.java:22)
at helpers.Pages.findElement(Pages.java:22)
at helpers.Pages.findElement(Pages.java:22)
at helpers.Pages.findElement(Pages.java:22)
at helpers.Pages.findElement(Pages.java:22)
at helpers.Pages.findElement(Pages.java:22)
at helpers.Pages.findElement(Pages.java:22)
at helpers.Pages.findElement(Pages.java:22)
at helpers.Pages.findElement(Pages.java:22)
at helpers.Pages.findElement(Pages.java:22)
at helpers.Pages.findElement(Pages.java:22)
at helpers.Pages.findElement(Pages.java:22)
at helpers.Pages.findElement(Pages.java:22)
at helpers.Pages.findElement(Pages.java:22)
at helpers.Pages.findElement(Pages.java:22)
at helpers.Pages.findElement(Pages.java:22)
at helpers.Pages.findElement(Pages.java:22)
at helpers.Pages.findElement(Pages.java:22)
at helpers.Pages.findElement(Pages.java:22)
at helpers.Pages.findElement(Pages.java:22)
at helpers.Pages.findElement(Pages.java:22)
at helpers.Pages.findElement(Pages.java:22)
at helpers.Pages.findElement(Pages.java:22)
at helpers.Pages.findElement(Pages.java:22)
at helpers.Pages.findElement(Pages.java:22)
at helpers.Pages.findElement(Pages.java:22)
at helpers.Pages.findElement(Pages.java:22)
at helpers.Pages.findElement(Pages.java:22)
at helpers.Pages.findElement(Pages.java:22)
at helpers.Pages.findElement(Pages.java:22)
at helpers.Pages.findElement(Pages.java:22)
at helpers.Pages.findElement(Pages.java:22)
at helpers.Pages.findElement(Pages.java:22)
at helpers.Pages.findElement(Pages.java:22)
at helpers.Pages.findElement(Pages.java:22)
at helpers.Pages.findElement(Pages.java:22)
at helpers.Pages.findElement(Pages.java:22)
at helpers.Pages.findElement(Pages.java:22)
at helpers.Pages.findElement(Pages.java:22)
at helpers.Pages.findElement(Pages.java:22)
at helpers.Pages.findElement(Pages.java:22)
at helpers.Pages.findElement(Pages.java:22)
at helpers.Pages.findElement(Pages.java:22)
at helpers.Pages.findElement(Pages.java:22)
at helpers.Pages.findElement(Pages.java:22)
at helpers.Pages.findElement(Pages.java:22)
at helpers.Pages.findElement(Pages.java:22)
at helpers.Pages.findElement(Pages.java:22)
at helpers.Pages.findElement(Pages.java:22)
at helpers.Pages.findElement(Pages.java:22)
at helpers.Pages.findElement(Pages.java:22)
at helpers.Pages.findElement(Pages.java:22)
at helpers.Pages.findElement(Pages.java:22)
at helpers.Pages.findElement(Pages.java:22)
at helpers.Pages.findElement(Pages.java:22)
at helpers.Pages.findElement(Pages.java:22)
at helpers.Pages.findElement(Pages.java:22)
at helpers.Pages.findElement(Pages.java:22)
at helpers.Pages.findElement(Pages.java:22)
at helpers.Pages.findElement(Pages.java:22)
at helpers.Pages.findElement(Pages.java:22)
at helpers.Pages.findElement(Pages.java:22)
at helpers.Pages.findElement(Pages.java:22)
at helpers.Pages.findElement(Pages.java:22)
at helpers.Pages.findElement(Pages.java:22)
at helpers.Pages.findElement(Pages.java:22)
at helpers.Pages.findElement(Pages.java:22)
at helpers.Pages.findElement(Pages.java:22)
at helpers.Pages.findElement(Pages.java:22)
at helpers.Pages.findElement(Pages.java:22)
at helpers.Pages.findElement(Pages.java:22)
at helpers.Pages.findElement(Pages.java:22)
at helpers.Pages.findElement(Pages.java:22)
at helpers.Pages.findElement(Pages.java:22)
at helpers.Pages.findElement(Pages.java:22)
at helpers.Pages.findElement(Pages.java:22)
at helpers.Pages.findElement(Pages.java:22)
at helpers.Pages.findElement(Pages.java:22)
at helpers.Pages.findElement(Pages.java:22)
at helpers.Pages.findElement(Pages.java:22)
at helpers.Pages.findElement(Pages.java:22)
at helpers.Pages.findElement(Pages.java:22)
at helpers.Pages.findElement(Pages.java:22)
at helpers.Pages.findElement(Pages.java:22)
at helpers.Pages.findElement(Pages.java:22)
at helpers.Pages.findElement(Pages.java:22)
at helpers.Pages.findElement(Pages.java:22)
at helpers.Pages.findElement(Pages.java:22)
at helpers.Pages.findElement(Pages.java:22)
at helpers.Pages.findElement(Pages.java:22)
at helpers.Pages.findElement(Pages.java:22)
at helpers.Pages.findElement(Pages.java:22)
at helpers.Pages.findElement(Pages.java:22)
at helpers.Pages.findElement(Pages.java:22)
at helpers.Pages.findElement(Pages.java:22)
at helpers.Pages.findElement(Pages.java:22)
at helpers.Pages.findElement(Pages.java:22)
at helpers.Pages.findElement(Pages.java:22)
at helpers.Pages.findElement(Pages.java:22)
at helpers.Pages.findElement(Pages.java:22)
at helpers.Pages.findElement(Pages.java:22)
at helpers.Pages.findElement(Pages.java:22)
at helpers.Pages.findElement(Pages.java:22)
at helpers.Pages.findElement(Pages.java:22)
at helpers.Pages.findElement(Pages.java:22)
at helpers.Pages.findElement(Pages.java:22)
at helpers.Pages.findElement(Pages.java:22)
at helpers.Pages.findElement(Pages.java:22)
at helpers.Pages.findElement(Pages.java:22)
at helpers.Pages.findElement(Pages.java:22)
at helpers.Pages.findElement(Pages.java:22)
at helpers.Pages.findElement(Pages.java:22)
at helpers.Pages.findElement(Pages.java:22)
at helpers.Pages.findElement(Pages.java:22)
at helpers.Pages.findElement(Pages.java:22)
at helpers.Pages.findElement(Pages.java:22)
at helpers.Pages.findElement(Pages.java:22)
at helpers.Pages.findElement(Pages.java:22)
at helpers.Pages.findElement(Pages.java:22)
at helpers.Pages.findElement(Pages.java:22)
at helpers.Pages.findElement(Pages.java:22)
at helpers.Pages.findElement(Pages.java:22)
at helpers.Pages.findElement(Pages.java:22)
at helpers.Pages.findElement(Pages.java:22)
at helpers.Pages.findElement(Pages.java:22)
at helpers.Pages.findElement(Pages.java:22)
at helpers.Pages.findElement(Pages.java:22)
at helpers.Pages.findElement(Pages.java:22)
at helpers.Pages.findElement(Pages.java:22)
at helpers.Pages.findElement(Pages.java:22)
at helpers.Pages.findElement(Pages.java:22)
at helpers.Pages.findElement(Pages.java:22)
at helpers.Pages.findElement(Pages.java:22)
at helpers.Pages.findElement(Pages.java:22)
at helpers.Pages.findElement(Pages.java:22)
at helpers.Pages.findElement(Pages.java:22)
at helpers.Pages.findElement(Pages.java:22)
at helpers.Pages.findElement(Pages.java:22)
at helpers.Pages.findElement(Pages.java:22)
at helpers.Pages.findElement(Pages.java:22)
at helpers.Pages.findElement(Pages.java:22)
at helpers.Pages.findElement(Pages.java:22)
at helpers.Pages.findElement(Pages.java:22)
at helpers.Pages.findElement(Pages.java:22)
at helpers.Pages.findElement(Pages.java:22)
at helpers.Pages.findElement(Pages.java:22)
at helpers.Pages.findElement(Pages.java:22)
at helpers.Pages.findElement(Pages.java:22)
at helpers.Pages.findElement(Pages.java:22)
at helpers.Pages.findElement(Pages.java:22)
at helpers.Pages.findElement(Pages.java:22)
at helpers.Pages.findElement(Pages.java:22)
at helpers.Pages.findElement(Pages.java:22)
at helpers.Pages.findElement(Pages.java:22)
at helpers.Pages.findElement(Pages.java:22)
at helpers.Pages.findElement(Pages.java:22)
at helpers.Pages.findElement(Pages.java:22)
at helpers.Pages.findElement(Pages.java:22)
at helpers.Pages.findElement(Pages.java:22)
at helpers.Pages.findElement(Pages.java:22)
at helpers.Pages.findElement(Pages.java:22)
at helpers.Pages.findElement(Pages.java:22)
at helpers.Pages.findElement(Pages.java:22)
at helpers.Pages.findElement(Pages.java:22)
at helpers.Pages.findElement(Pages.java:22)
at helpers.Pages.findElement(Pages.java:22)
at helpers.Pages.findElement(Pages.java:22)
at helpers.Pages.findElement(Pages.java:22)
at helpers.Pages.findElement(Pages.java:22)
at helpers.Pages.findElement(Pages.java:22)
at helpers.Pages.findElement(Pages.java:22)
at helpers.Pages.findElement(Pages.java:22)
at helpers.Pages.findElement(Pages.java:22)
at helpers.Pages.findElement(Pages.java:22)
at helpers.Pages.findElement(Pages.java:22)
at helpers.Pages.findElement(Pages.java:22)
at helpers.Pages.findElement(Pages.java:22)
at helpers.Pages.findElement(Pages.java:22)
at helpers.Pages.findElement(Pages.java:22)
at helpers.Pages.findElement(Pages.java:22)
at helpers.Pages.findElement(Pages.java:22)
at helpers.Pages.findElement(Pages.java:22)
at helpers.Pages.findElement(Pages.java:22)
at helpers.Pages.findElement(Pages.java:22)
at helpers.Pages.findElement(Pages.java:22)
at helpers.Pages.findElement(Pages.java:22)
at helpers.Pages.findElement(Pages.java:22)
at helpers.Pages.findElement(Pages.java:22)
at helpers.Pages.findElement(Pages.java:22)
at helpers.Pages.findElement(Pages.java:22)
at helpers.Pages.findElement(Pages.java:22)
at helpers.Pages.findElement(Pages.java:22)
at helpers.Pages.findElement(Pages.java:22)
at helpers.Pages.findElement(Pages.java:22)
at helpers.Pages.findElement(Pages.java:22)
at helpers.Pages.findElement(Pages.java:22)
at helpers.Pages.findElement(Pages.java:22)
at helpers.Pages.findElement(Pages.java:22)
at helpers.Pages.findElement(Pages.java:22)
at helpers.Pages.findElement(Pages.java:22)
at helpers.Pages.findElement(Pages.java:22)
at helpers.Pages.findElement(Pages.java:22)
at helpers.Pages.findElement(Pages.java:22)
at helpers.Pages.findElement(Pages.java:22)
at helpers.Pages.findElement(Pages.java:22)
at helpers.Pages.findElement(Pages.java:22)
at helpers.Pages.findElement(Pages.java:22)
at helpers.Pages.findElement(Pages.java:22)
at helpers.Pages.findElement(Pages.java:22)
at helpers.Pages.findElement(Pages.java:22)
at helpers.Pages.findElement(Pages.java:22)
at helpers.Pages.findElement(Pages.java:22)
at helpers.Pages.findElement(Pages.java:22)
at helpers.Pages.findElement(Pages.java:22)
at helpers.Pages.findElement(Pages.java:22)
at helpers.Pages.findElement(Pages.java:22)
at helpers.Pages.findElement(Pages.java:22)
at helpers.Pages.findElement(Pages.java:22)
at helpers.Pages.findElement(Pages.java:22)
at helpers.Pages.findElement(Pages.java:22)
at helpers.Pages.findElement(Pages.java:22)
at helpers.Pages.findElement(Pages.java:22)
at helpers.Pages.findElement(Pages.java:22)
at helpers.Pages.findElement(Pages.java:22)
at helpers.Pages.findElement(Pages.java:22)
at helpers.Pages.findElement(Pages.java:22)
at helpers.Pages.findElement(Pages.java:22)
at helpers.Pages.findElement(Pages.java:22)
at helpers.Pages.findElement(Pages.java:22)
at helpers.Pages.findElement(Pages.java:22)
at helpers.Pages.findElement(Pages.java:22)
at helpers.Pages.findElement(Pages.java:22)
at helpers.Pages.findElement(Pages.java:22)
at helpers.Pages.findElement(Pages.java:22)
at helpers.Pages.findElement(Pages.java:22)
at helpers.Pages.findElement(Pages.java:22)
at helpers.Pages.findElement(Pages.java:22)
at helpers.Pages.findElement(Pages.java:22)
at helpers.Pages.findElement(Pages.java:22)
at helpers.Pages.findElement(Pages.java:22)
at helpers.Pages.findElement(Pages.java:22)
at helpers.Pages.findElement(Pages.java:22)
at helpers.Pages.findElement(Pages.java:22)
at helpers.Pages.findElement(Pages.java:22)
at helpers.Pages.findElement(Pages.java:22)
at helpers.Pages.findElement(Pages.java:22)
at helpers.Pages.findElement(Pages.java:22)
at helpers.Pages.findElement(Pages.java:22)
at helpers.Pages.findElement(Pages.java:22)
at helpers.Pages.findElement(Pages.java:22)
at helpers.Pages.findElement(Pages.java:22)
at helpers.Pages.findElement(Pages.java:22)
at helpers.Pages.findElement(Pages.java:22)
at helpers.Pages.findElement(Pages.java:22)
at helpers.Pages.findElement(Pages.java:22)
at helpers.Pages.findElement(Pages.java:22)
at helpers.Pages.findElement(Pages.java:22)
at helpers.Pages.findElement(Pages.java:22)
at helpers.Pages.findElement(Pages.java:22)
at helpers.Pages.findElement(Pages.java:22)
at helpers.Pages.findElement(Pages.java:22)
at helpers.Pages.findElement(Pages.java:22)
at helpers.Pages.findElement(Pages.java:22)
at helpers.Pages.findElement(Pages.java:22)
at helpers.Pages.findElement(Pages.java:22)
at helpers.Pages.findElement(Pages.java:22)
at helpers.Pages.findElement(Pages.java:22)
at helpers.Pages.findElement(Pages.java:22)
at helpers.Pages.findElement(Pages.java:22)
at helpers.Pages.findElement(Pages.java:22)
at helpers.Pages.findElement(Pages.java:22)
at helpers.Pages.findElement(Pages.java:22)
at helpers.Pages.findElement(Pages.java:22)
at helpers.Pages.findElement(Pages.java:22)
at helpers.Pages.findElement(Pages.java:22)
at helpers.Pages.findElement(Pages.java:22)
at helpers.Pages.findElement(Pages.java:22)
at helpers.Pages.findElement(Pages.java:22)
at helpers.Pages.findElement(Pages.java:22)
at helpers.Pages.findElement(Pages.java:22)
at helpers.Pages.findElement(Pages.java:22)
at helpers.Pages.findElement(Pages.java:22)
at helpers.Pages.findElement(Pages.java:22)
at helpers.Pages.findElement(Pages.java:22)
at helpers.Pages.findElement(Pages.java:22)
at helpers.Pages.findElement(Pages.java:22)
at helpers.Pages.findElement(Pages.java:22)
at helpers.Pages.findElement(Pages.java:22)
at helpers.Pages.findElement(Pages.java:22)
at helpers.Pages.findElement(Pages.java:22)
at helpers.Pages.findElement(Pages.java:22)
at helpers.Pages.findElement(Pages.java:22)
at helpers.Pages.findElement(Pages.java:22)
at helpers.Pages.findElement(Pages.java:22)
at helpers.Pages.findElement(Pages.java:22)
at helpers.Pages.findElement(Pages.java:22)
at helpers.Pages.findElement(Pages.java:22)
at helpers.Pages.findElement(Pages.java:22)
at helpers.Pages.findElement(Pages.java:22)
at helpers.Pages.findElement(Pages.java:22)
at helpers.Pages.findElement(Pages.java:22)
at helpers.Pages.findElement(Pages.java:22)
at helpers.Pages.findElement(Pages.java:22)
at helpers.Pages.findElement(Pages.java:22)
at helpers.Pages.findElement(Pages.java:22)
at helpers.Pages.findElement(Pages.java:22)
at helpers.Pages.findElement(Pages.java:22)
at helpers.Pages.findElement(Pages.java:22)
at helpers.Pages.findElement(Pages.java:22)
at helpers.Pages.findElement(Pages.java:22)
at helpers.Pages.findElement(Pages.java:22)
at helpers.Pages.findElement(Pages.java:22)
at helpers.Pages.findElement(Pages.java:22)
at helpers.Pages.findElement(Pages.java:22)
at helpers.Pages.findElement(Pages.java:22)
at helpers.Pages.findElement(Pages.java:22)
at helpers.Pages.findElement(Pages.java:22)
at helpers.Pages.findElement(Pages.java:22)
at helpers.Pages.findElement(Pages.java:22)
at helpers.Pages.findElement(Pages.java:22)
at helpers.Pages.findElement(Pages.java:22)
at helpers.Pages.findElement(Pages.java:22)
at helpers.Pages.findElement(Pages.java:22)
at helpers.Pages.findElement(Pages.java:22)
at helpers.Pages.findElement(Pages.java:22)
at helpers.Pages.findElement(Pages.java:22)
at helpers.Pages.findElement(Pages.java:22)
at helpers.Pages.findElement(Pages.java:22)
at helpers.Pages.findElement(Pages.java:22)
at helpers.Pages.findElement(Pages.java:22)
at helpers.Pages.findElement(Pages.java:22)
at helpers.Pages.findElement(Pages.java:22)
at helpers.Pages.findElement(Pages.java:22)
at helpers.Pages.findElement(Pages.java:22)
at helpers.Pages.findElement(Pages.java:22)
at helpers.Pages.findElement(Pages.java:22)
at helpers.Pages.findElement(Pages.java:22)
at helpers.Pages.findElement(Pages.java:22)
at helpers.Pages.findElement(Pages.java:22)
at helpers.Pages.findElement(Pages.java:22)
at helpers.Pages.findElement(Pages.java:22)
at helpers.Pages.findElement(Pages.java:22)
at helpers.Pages.findElement(Pages.java:22)
at helpers.Pages.findElement(Pages.java:22)
at helpers.Pages.findElement(Pages.java:22)
at helpers.Pages.findElement(Pages.java:22)
at helpers.Pages.findElement(Pages.java:22)
at helpers.Pages.findElement(Pages.java:22)
at helpers.Pages.findElement(Pages.java:22)
at helpers.Pages.findElement(Pages.java:22)
at helpers.Pages.findElement(Pages.java:22)
at helpers.Pages.findElement(Pages.java:22)
at helpers.Pages.findElement(Pages.java:22)
at helpers.Pages.findElement(Pages.java:22)
at helpers.Pages.findElement(Pages.java:22)
at helpers.Pages.findElement(Pages.java:22)
at helpers.Pages.findElement(Pages.java:22)
at helpers.Pages.findElement(Pages.java:22)
at helpers.Pages.findElement(Pages.java:22)
at helpers.Pages.findElement(Pages.java:22)
at helpers.Pages.findElement(Pages.java:22)
at helpers.Pages.findElement(Pages.java:22)
at helpers.Pages.findElement(Pages.java:22)
at helpers.Pages.findElement(Pages.java:22)
at helpers.Pages.findElement(Pages.java:22)
at helpers.Pages.findElement(Pages.java:22)
at helpers.Pages.findElement(Pages.java:22)
at helpers.Pages.findElement(Pages.java:22)
at helpers.Pages.findElement(Pages.java:22)
at helpers.Pages.findElement(Pages.java:22)
at helpers.Pages.findElement(Pages.java:22)
at helpers.Pages.findElement(Pages.java:22)
at helpers.Pages.findElement(Pages.java:22)
at helpers.Pages.findElement(Pages.java:22)
at helpers.Pages.findElement(Pages.java:22)
at helpers.Pages.findElement(Pages.java:22)
at helpers.Pages.findElement(Pages.java:22)
at helpers.Pages.findElement(Pages.java:22)
at helpers.Pages.findElement(Pages.java:22)
at helpers.Pages.findElement(Pages.java:22)
at helpers.Pages.findElement(Pages.java:22)
at helpers.Pages.findElement(Pages.java:22)
at helpers.Pages.findElement(Pages.java:22)
at helpers.Pages.findElement(Pages.java:22)
at helpers.Pages.findElement(Pages.java:22)
at helpers.Pages.findElement(Pages.java:22)
at helpers.Pages.findElement(Pages.java:22)
at helpers.Pages.findElement(Pages.java:22)
at helpers.Pages.findElement(Pages.java:22)
at helpers.Pages.findElement(Pages.java:22)
at helpers.Pages.findElement(Pages.java:22)
at helpers.Pages.findElement(Pages.java:22)
at helpers.Pages.findElement(Pages.java:22)
at helpers.Pages.findElement(Pages.java:22)
at helpers.Pages.findElement(Pages.java:22)
at helpers.Pages.findElement(Pages.java:22)
at helpers.Pages.findElement(Pages.java:22)
at helpers.Pages.findElement(Pages.java:22)
at helpers.Pages.findElement(Pages.java:22)
at helpers.Pages.findElement(Pages.java:22)
at helpers.Pages.findElement(Pages.java:22)
at helpers.Pages.findElement(Pages.java:22)
at helpers.Pages.findElement(Pages.java:22)
at helpers.Pages.findElement(Pages.java:22)
at helpers.Pages.findElement(Pages.java:22)
at helpers.Pages.findElement(Pages.java:22)
at helpers.Pages.findElement(Pages.java:22)
at helpers.Pages.findElement(Pages.java:22)
at helpers.Pages.findElement(Pages.java:22)
at helpers.Pages.findElement(Pages.java:22)
at helpers.Pages.findElement(Pages.java:22)
at helpers.Pages.findElement(Pages.java:22)
at helpers.Pages.findElement(Pages.java:22)
at helpers.Pages.findElement(Pages.java:22)
at helpers.Pages.findElement(Pages.java:22)
at helpers.Pages.findElement(Pages.java:22)
at helpers.Pages.findElement(Pages.java:22)
at helpers.Pages.findElement(Pages.java:22)
at helpers.Pages.findElement(Pages.java:22)
at helpers.Pages.findElement(Pages.java:22)
at helpers.Pages.findElement(Pages.java:22)
at helpers.Pages.findElement(Pages.java:22)
at helpers.Pages.findElement(Pages.java:22)
at helpers.Pages.findElement(Pages.java:22)
at helpers.Pages.findElement(Pages.java:22)
at helpers.Pages.findElement(Pages.java:22)
at helpers.Pages.findElement(Pages.java:22)
at helpers.Pages.findElement(Pages.java:22)
at helpers.Pages.findElement(Pages.java:22)
at helpers.Pages.findElement(Pages.java:22)
at helpers.Pages.findElement(Pages.java:22)
at helpers.Pages.findElement(Pages.java:22)
at helpers.Pages.findElement(Pages.java:22)
at helpers.Pages.findElement(Pages.java:22)
at helpers.Pages.findElement(Pages.java:22)
at helpers.Pages.findElement(Pages.java:22)
at helpers.Pages.findElement(Pages.java:22)
at helpers.Pages.findElement(Pages.java:22)
at helpers.Pages.findElement(Pages.java:22)
at helpers.Pages.findElement(Pages.java:22)
at helpers.Pages.findElement(Pages.java:22)
at helpers.Pages.findElement(Pages.java:22)
at helpers.Pages.findElement(Pages.java:22)
at helpers.Pages.findElement(Pages.java:22)
at helpers.Pages.findElement(Pages.java:22)
at helpers.Pages.findElement(Pages.java:22)
at helpers.Pages.findElement(Pages.java:22)
at helpers.Pages.findElement(Pages.java:22)
at helpers.Pages.findElement(Pages.java:22)
at helpers.Pages.findElement(Pages.java:22)
at helpers.Pages.findElement(Pages.java:22)
at helpers.Pages.findElement(Pages.java:22)
at helpers.Pages.findElement(Pages.java:22)
at helpers.Pages.findElement(Pages.java:22)
at helpers.Pages.findElement(Pages.java:22)
at helpers.Pages.findElement(Pages.java:22)
at helpers.Pages.findElement(Pages.java:22)
at helpers.Pages.findElement(Pages.java:22)
at helpers.Pages.findElement(Pages.java:22)
at helpers.Pages.findElement(Pages.java:22)
at helpers.Pages.findElement(Pages.java:22)
at helpers.Pages.findElement(Pages.java:22)
at helpers.Pages.findElement(Pages.java:22)
at helpers.Pages.findElement(Pages.java:22)
at helpers.Pages.findElement(Pages.java:22)
at helpers.Pages.findElement(Pages.java:22)
at helpers.Pages.findElement(Pages.java:22)
at helpers.Pages.findElement(Pages.java:22)
at helpers.Pages.findElement(Pages.java:22)
at helpers.Pages.findElement(Pages.java:22)
at helpers.Pages.findElement(Pages.java:22)
at helpers.Pages.findElement(Pages.java:22)
at helpers.Pages.findElement(Pages.java:22)
at helpers.Pages.findElement(Pages.java:22)
at helpers.Pages.findElement(Pages.java:22)
at helpers.Pages.findElement(Pages.java:22)
at helpers.Pages.findElement(Pages.java:22)
at helpers.Pages.findElement(Pages.java:22)
at helpers.Pages.findElement(Pages.java:22)
at helpers.Pages.findElement(Pages.java:22)
at helpers.Pages.findElement(Pages.java:22)
at helpers.Pages.findElement(Pages.java:22)
at helpers.Pages.findElement(Pages.java:22)
at helpers.Pages.findElement(Pages.java:22)
at helpers.Pages.findElement(Pages.java:22)
at helpers.Pages.findElement(Pages.java:22)
at helpers.Pages.findElement(Pages.java:22)
at helpers.Pages.findElement(Pages.java:22)
at helpers.Pages.findElement(Pages.java:22)
at helpers.Pages.findElement(Pages.java:22)
at helpers.Pages.findElement(Pages.java:22)
at helpers.Pages.findElement(Pages.java:22)
at helpers.Pages.findElement(Pages.java:22)
at helpers.Pages.findElement(Pages.java:22)
at helpers.Pages.findElement(Pages.java:22)
at helpers.Pages.findElement(Pages.java:22)
at helpers.Pages.findElement(Pages.java:22)
at helpers.Pages.findElement(Pages.java:22)
at helpers.Pages.findElement(Pages.java:22)
at helpers.Pages.findElement(Pages.java:22)
at helpers.Pages.findElement(Pages.java:22)
at helpers.Pages.findElement(Pages.java:22)
at helpers.Pages.findElement(Pages.java:22)
at helpers.Pages.findElement(Pages.java:22)
at helpers.Pages.findElement(Pages.java:22)
at helpers.Pages.findElement(Pages.java:22)
at helpers.Pages.findElement(Pages.java:22)
at helpers.Pages.findElement(Pages.java:22)
at helpers.Pages.findElement(Pages.java:22)
at helpers.Pages.findElement(Pages.java:22)
at helpers.Pages.findElement(Pages.java:22)
at helpers.Pages.findElement(Pages.java:22)
at helpers.Pages.findElement(Pages.java:22)
at helpers.Pages.findElement(Pages.java:22)
at helpers.Pages.findElement(Pages.java:22)
at helpers.Pages.findElement(Pages.java:22)
at helpers.Pages.findElement(Pages.java:22)
at helpers.Pages.findElement(Pages.java:22)
at helpers.Pages.findElement(Pages.java:22)
at helpers.Pages.findElement(Pages.java:22)
at helpers.Pages.findElement(Pages.java:22)
at helpers.Pages.findElement(Pages.java:22)
at helpers.Pages.findElement(Pages.java:22)
at helpers.Pages.findElement(Pages.java:22)
at helpers.Pages.findElement(Pages.java:22)
at helpers.Pages.findElement(Pages.java:22)
at helpers.Pages.findElement(Pages.java:22)
at helpers.Pages.findElement(Pages.java:22)
at helpers.Pages.findElement(Pages.java:22)
at helpers.Pages.findElement(Pages.java:22)
at helpers.Pages.findElement(Pages.java:22)
at helpers.Pages.findElement(Pages.java:22)
at helpers.Pages.findElement(Pages.java:22)
at helpers.Pages.findElement(Pages.java:22)
at helpers.Pages.findElement(Pages.java:22)
at helpers.Pages.findElement(Pages.java:22)
at helpers.Pages.findElement(Pages.java:22)
at helpers.Pages.findElement(Pages.java:22)
at helpers.Pages.findElement(Pages.java:22)
at helpers.Pages.findElement(Pages.java:22)
at helpers.Pages.findElement(Pages.java:22)
at helpers.Pages.findElement(Pages.java:22)
at helpers.Pages.findElement(Pages.java:22)
at helpers.Pages.findElement(Pages.java:22)
at helpers.Pages.findElement(Pages.java:22)
at helpers.Pages.findElement(Pages.java:22)
at helpers.Pages.findElement(Pages.java:22)
at helpers.Pages.findElement(Pages.java:22)
at helpers.Pages.findElement(Pages.java:22)
at helpers.Pages.findElement(Pages.java:22)
at helpers.Pages.findElement(Pages.java:22)
at helpers.Pages.findElement(Pages.java:22)
at helpers.Pages.findElement(Pages.java:22)
at helpers.Pages.findElement(Pages.java:22)
at helpers.Pages.findElement(Pages.java:22)
at helpers.Pages.findElement(Pages.java:22)
at helpers.Pages.findElement(Pages.java:22)
at helpers.Pages.findElement(Pages.java:22)
at helpers.Pages.findElement(Pages.java:22)
at helpers.Pages.findElement(Pages.java:22)
at helpers.Pages.findElement(Pages.java:22)
at helpers.Pages.findElement(Pages.java:22)
at helpers.Pages.findElement(Pages.java:22)
at helpers.Pages.findElement(Pages.java:22)
at helpers.Pages.findElement(Pages.java:22)
at helpers.Pages.findElement(Pages.java:22)
at helpers.Pages.findElement(Pages.java:22)
at helpers.Pages.findElement(Pages.java:22)
at helpers.Pages.findElement(Pages.java:22)
at helpers.Pages.findElement(Pages.java:22)
at helpers.Pages.findElement(Pages.java:22)
at helpers.Pages.findElement(Pages.java:22)
at helpers.Pages.findElement(Pages.java:22)
at helpers.Pages.findElement(Pages.java:22)
at helpers.Pages.findElement(Pages.java:22)
at helpers.Pages.findElement(Pages.java:22)
at helpers.Pages.findElement(Pages.java:22)
at helpers.Pages.findElement(Pages.java:22)
at helpers.Pages.findElement(Pages.java:22)
at helpers.Pages.findElement(Pages.java:22)
at helpers.Pages.findElement(Pages.java:22)
at helpers.Pages.findElement(Pages.java:22)
at helpers.Pages.findElement(Pages.java:22)
at helpers.Pages.findElement(Pages.java:22)
at helpers.Pages.findElement(Pages.java:22)
at helpers.Pages.findElement(Pages.java:22)
at helpers.Pages.findElement(Pages.java:22)
at helpers.Pages.findElement(Pages.java:22)
at helpers.Pages.findElement(Pages.java:22)
at helpers.Pages.findElement(Pages.java:22)
at helpers.Pages.findElement(Pages.java:22)
at helpers.Pages.findElement(Pages.java:22)
at helpers.Pages.findElement(Pages.java:22)
at helpers.Pages.findElement(Pages.java:22)
at helpers.Pages.findElement(Pages.java:22)
at helpers.Pages.findElement(Pages.java:22)
at helpers.Pages.findElement(Pages.java:22)
at helpers.Pages.findElement(Pages.java:22)
at helpers.Pages.findElement(Pages.java:22)
at helpers.Pages.findElement(Pages.java:22)
at helpers.Pages.findElement(Pages.java:22)
at helpers.Pages.findElement(Pages.java:22)
at helpers.Pages.findElement(Pages.java:22)
at helpers.Pages.findElement(Pages.java:22)
at helpers.Pages.findElement(Pages.java:22)
at helpers.Pages.findElement(Pages.java:22)
at helpers.Pages.findElement(Pages.java:22)
at helpers.Pages.findElement(Pages.java:22)
at helpers.Pages.findElement(Pages.java:22)
at helpers.Pages.findElement(Pages.java:22)
at helpers.Pages.findElement(Pages.java:22)
at helpers.Pages.findElement(Pages.java:22)
at helpers.Pages.findElement(Pages.java:22)
at helpers.Pages.findElement(Pages.java:22)
at helpers.Pages.findElement(Pages.java:22)
at helpers.Pages.findElement(Pages.java:22)
at helpers.Pages.findElement(Pages.java:22)
at helpers.Pages.findElement(Pages.java:22)
at helpers.Pages.findElement(Pages.java:22)
at helpers.Pages.findElement(Pages.java:22)
at helpers.Pages.findElement(Pages.java:22)
at helpers.Pages.findElement(Pages.java:22)
at helpers.Pages.findElement(Pages.java:22)
at helpers.Pages.findElement(Pages.java:22)
at helpers.Pages.findElement(Pages.java:22)
at helpers.Pages.findElement(Pages.java:22)
at helpers.Pages.findElement(Pages.java:22)
at helpers.Pages.findElement(Pages.java:22)
at helpers.Pages.findElement(Pages.java:22)
at helpers.Pages.findElement(Pages.java:22)
at helpers.Pages.findElement(Pages.java:22)
at helpers.Pages.findElement(Pages.java:22)
at helpers.Pages.findElement(Pages.java:22)
at helpers.Pages.findElement(Pages.java:22)
at helpers.Pages.findElement(Pages.java:22)
at helpers.Pages.findElement(Pages.java:22)
at helpers.Pages.findElement(Pages.java:22)
at helpers.Pages.findElement(Pages.java:22)
at helpers.Pages.findElement(Pages.java:22)
at helpers.Pages.findElement(Pages.java:22)
at helpers.Pages.findElement(Pages.java:22)
at helpers.Pages.findElement(Pages.java:22)
at helpers.Pages.findElement(Pages.java:22)
at helpers.Pages.findElement(Pages.java:22)
at helpers.Pages.findElement(Pages.java:22)
at helpers.Pages.findElement(Pages.java:22)
at helpers.Pages.findElement(Pages.java:22)
at helpers.Pages.findElement(Pages.java:22)
at helpers.Pages.findElement(Pages.java:22)
at helpers.Pages.findElement(Pages.java:22)
at helpers.Pages.findElement(Pages.java:22)
at helpers.Pages.findElement(Pages.java:22)
at helpers.Pages.findElement(Pages.java:22)
at helpers.Pages.findElement(Pages.java:22)
at helpers.Pages.findElement(Pages.java:22)
at helpers.Pages.findElement(Pages.java:22)
at helpers.Pages.findElement(Pages.java:22)
at helpers.Pages.findElement(Pages.java:22)
at helpers.Pages.findElement(Pages.java:22)
at helpers.Pages.findElement(Pages.java:22)
at helpers.Pages.findElement(Pages.java:22)
at helpers.Pages.findElement(Pages.java:22)
at helpers.Pages.findElement(Pages.java:22)
at helpers.Pages.findElement(Pages.java:22)
at helpers.Pages.findElement(Pages.java:22)
at helpers.Pages.findElement(Pages.java:22)
at helpers.Pages.findElement(Pages.java:22)
at helpers.Pages.findElement(Pages.java:22)
at helpers.Pages.findElement(Pages.java:22)
at helpers.Pages.findElement(Pages.java:22)
at helpers.Pages.findElement(Pages.java:22)
at helpers.Pages.findElement(Pages.java:22)
at helpers.Pages.findElement(Pages.java:22)
at helpers.Pages.findElement(Pages.java:22)
at helpers.Pages.findElement(Pages.java:22)
at helpers.Pages.findElement(Pages.java:22)
at helpers.Pages.findElement(Pages.java:22)
at helpers.Pages.findElement(Pages.java:22)
at helpers.Pages.findElement(Pages.java:22)
at helpers.Pages.findElement(Pages.java:22)
at helpers.Pages.findElement(Pages.java:22)
at helpers.Pages.findElement(Pages.java:22)
at helpers.Pages.findElement(Pages.java:22)
at helpers.Pages.findElement(Pages.java:22)
at helpers.Pages.findElement(Pages.java:22)
at helpers.Pages.findElement(Pages.java:22)
at helpers.Pages.findElement(Pages.java:22)
at helpers.Pages.findElement(Pages.java:22)
at helpers.Pages.findElement(Pages.java:22)
at helpers.Pages.findElement(Pages.java:22)
at helpers.Pages.findElement(Pages.java:22)
at helpers.Pages.findElement(Pages.java:22)
at helpers.Pages.findElement(Pages.java:22)
at helpers.Pages.findElement(Pages.java:22)
at helpers.Pages.findElement(Pages.java:22)
at helpers.Pages.findElement(Pages.java:22)
at helpers.Pages.findElement(Pages.java:22)
at helpers.Pages.findElement(Pages.java:22)
at helpers.Pages.findElement(Pages.java:22)
at helpers.Pages.findElement(Pages.java:22)
at helpers.Pages.findElement(Pages.java:22)
at helpers.Pages.findElement(Pages.java:22)
at helpers.Pages.findElement(Pages.java:22)
at helpers.Pages.findElement(Pages.java:22)
at helpers.Pages.findElement(Pages.java:22)
at helpers.Pages.findElement(Pages.java:22)
at helpers.Pages.findElement(Pages.java:22)
at helpers.Pages.findElement(Pages.java:22)
at helpers.Pages.findElement(Pages.java:22)
at helpers.Pages.findElement(Pages.java:22)
at helpers.Pages.findElement(Pages.java:22)
at helpers.Pages.findElement(Pages.java:22)
at helpers.Pages.findElement(Pages.java:22)
at helpers.Pages.findElement(Pages.java:22)
at helpers.Pages.findElement(Pages.java:22)
at helpers.Pages.findElement(Pages.java:22)
at helpers.Pages.findElement(Pages.java:22)
at helpers.Pages.findElement(Pages.java:22)
at helpers.Pages.findElement(Pages.java:22)
at helpers.Pages.findElement(Pages.java:22)
at helpers.Pages.findElement(Pages.java:22)
at helpers.Pages.findElement(Pages.java:22)
at helpers.Pages.findElement(Pages.java:22)
at helpers.Pages.findElement(Pages.java:22)
at helpers.Pages.findElement(Pages.java:22)
at helpers.Pages.findElement(Pages.java:22)
at helpers.Pages.findElement(Pages.java:22)
at helpers.Pages.findElement(Pages.java:22)
at helpers.Pages.findElement(Pages.java:22)
at helpers.Pages.findElement(Pages.java:22)
at helpers.Pages.findElement(Pages.java:22)
at helpers.Pages.findElement(Pages.java:22)
at helpers.Pages.findElement(Pages.java:22)
at helpers.Pages.findElement(Pages.java:22)
at helpers.Pages.findElement(Pages.java:22)
at helpers.Pages.findElement(Pages.java:22)
at helpers.Pages.findElement(Pages.java:22)
at helpers.Pages.findElement(Pages.java:22)
at helpers.Pages.findElement(Pages.java:22)
at helpers.Pages.findElement(Pages.java:22)
at helpers.Pages.findElement(Pages.java:22)
at helpers.Pages.findElement(Pages.java:22)
at helpers.Pages.findElement(Pages.java:22)
at helpers.Pages.findElement(Pages.java:22)
at helpers.Pages.findElement(Pages.java:22)
at helpers.Pages.findElement(Pages.java:22)
at helpers.Pages.findElement(Pages.java:22)
at helpers.Pages.findElement(Pages.java:22)
at helpers.Pages.findElement(Pages.java:22)
at helpers.Pages.findElement(Pages.java:22)
at helpers.Pages.findElement(Pages.java:22)
at helpers.Pages.findElement(Pages.java:22)
at helpers.Pages.findElement(Pages.java:22)
at helpers.Pages.findElement(Pages.java:22)
at helpers.Pages.findElement(Pages.java:22)
at helpers.Pages.findElement(Pages.java:22)
at helpers.Pages.findElement(Pages.java:22)
at helpers.Pages.findElement(Pages.java:22)
at helpers.Pages.findElement(Pages.java:22)
at helpers.Pages.findElement(Pages.java:22)
at helpers.Pages.findElement(Pages.java:22)
at helpers.Pages.findElement(Pages.java:22)
at helpers.Pages.findElement(Pages.java:22)
at helpers.Pages.findElement(Pages.java:22)
at helpers.Pages.findElement(Pages.java:22)
at helpers.Pages.findElement(Pages.java:22)
at helpers.Pages.findElement(Pages.java:22)
at helpers.Pages.findElement(Pages.java:22)
at helpers.Pages.findElement(Pages.java:22)
at helpers.Pages.findElement(Pages.java:22)
at helpers.Pages.findElement(Pages.java:22)
at helpers.Pages.findElement(Pages.java:22)
at helpers.Pages.findElement(Pages.java:22)
at helpers.Pages.findElement(Pages.java:22)
at helpers.Pages.findElement(Pages.java:22)
at helpers.Pages.findElement(Pages.java:22)
at helpers.Pages.findElement(Pages.java:22)
at helpers.Pages.findElement(Pages.java:22)
at helpers.Pages.findElement(Pages.java:22)
at helpers.Pages.findElement(Pages.java:22)
at helpers.Pages.findElement(Pages.java:22)
at helpers.Pages.findElement(Pages.java:22)
at helpers.Pages.findElement(Pages.java:22)
at helpers.Pages.findElement(Pages.java:22)
at helpers.Pages.findElement(Pages.java:22)
at helpers.Pages.findElement(Pages.java:22)
at helpers.Pages.findElement(Pages.java:22)
at helpers.Pages.findElement(Pages.java:22)
at helpers.Pages.findElement(Pages.java:22)
at helpers.Pages.findElement(Pages.java:22)
at helpers.Pages.findElement(Pages.java:22)
at helpers.Pages.findElement(Pages.java:22)
at helpers.Pages.findElement(Pages.java:22)
at helpers.Pages.findElement(Pages.java:22)
at helpers.Pages.findElement(Pages.java:22)
at helpers.Pages.findElement(Pages.java:22)
at helpers.Pages.findElement(Pages.java:22)
at helpers.Pages.findElement(Pages.java:22)
at helpers.Pages.findElement(Pages.java:22)
at helpers.Pages.findElement(Pages.java:22)
at helpers.Pages.findElement(Pages.java:22)
at helpers.Pages.findElement(Pages.java:22)
at helpers.Pages.findElement(Pages.java:22)
]]>
    </error>
  </testcase> <!-- verifyRegister -->
  <system-out/>
</testsuite> <!-- testclasses.TestRegister -->
