<?xml version="1.0" encoding="UTF-8"?>
<!-- Generated by org.testng.reporters.JUnitReportReporter -->
<testsuite hostname="hp" failures="0" tests="1" name="testclasses.BankPara" time="0.009" errors="0" timestamp="2024-09-28T14:39:41 IST" skipped="0">
  <testcase classname="testclasses.BankPara" name="LoginTest" time="0.009"/>
  <system-out/>
</testsuite> <!-- testclasses.BankPara -->
