<?xml version="1.0" encoding="UTF-8"?>
<!-- Generated by org.testng.reporters.JUnitReportReporter -->
<testsuite hostname="hp" failures="0" tests="1" name="testclasses.TestRegister" time="8.138" errors="0" timestamp="2024-10-10T13:02:04 IST" skipped="0">
  <testcase classname="testclasses.TestRegister" name="verifyRegister" time="8.138"/>
  <system-out/>
</testsuite> <!-- testclasses.TestRegister -->
