<?xml version="1.0" encoding="UTF-8"?>
<!-- Generated by org.testng.reporters.JUnitReportReporter -->
<testsuite hostname="hp" failures="0" tests="1" name="testclasses.DemoTest" time="3.218" errors="0" timestamp="2024-10-12T15:42:05 IST" skipped="0">
  <testcase classname="testclasses.DemoTest" name="testLogin" time="3.218"/>
  <system-out/>
</testsuite> <!-- testclasses.DemoTest -->
