<?xml version="1.0" encoding="UTF-8"?>
<!-- Generated by org.testng.reporters.JUnitReportReporter -->
<testsuite hostname="hp" failures="0" tests="1" name="testclasses.TestLogin" time="19.245" errors="0" timestamp="2024-10-19T13:29:57 IST" skipped="0">
  <testcase classname="testclasses.TestLogin" name="VerifyLoginPage" time="19.245"/>
  <system-out/>
</testsuite> <!-- testclasses.TestLogin -->
